<?xml version="1.0" encoding="utf-8"?><testsuites name="pytest tests"><testsuite name="pytest" errors="0" failures="0" skipped="0" tests="4" time="0.057" timestamp="2025-09-16T19:41:52.709552-05:00" hostname="DESKTOP-MOKMJH8"><testcase classname="app.tests.test_guardian" name="test_large_outgoing_risk" time="0.001" /><testcase classname="app.tests.test_compliance" name="test_fee_detection" time="0.001" /><testcase classname="app.tests.test_compliance" name="test_keyword_boundary" time="0.000" /><testcase classname="app.tests.test_compliance" name="test_internal_transfer" time="0.000" /></testsuite></testsuites>